#
# There is insufficient memory for the Java Runtime Environment to continue.
# Native memory allocation (mmap) failed to map 144703488 bytes for committing reserved memory.
# Possible reasons:
#   The system is out of physical RAM or swap space
#   In 32 bit mode, the process size limit was hit
# Possible solutions:
#   Reduce memory load on the system
#   Increase physical memory or swap space
#   Check if swap backing store is full
#   Use 64 bit Java on a 64 bit OS
#   Decrease Java heap size (-Xmx/-Xms)
#   Decrease number of Java threads
#   Decrease Java thread stack sizes (-Xss)
#   Set larger code cache with -XX:ReservedCodeCacheSize=
# This output file may be truncated or incomplete.
#
#  Out of Memory Error (os_linux.cpp:2746), pid=11203, tid=0x00007f73c9a70700
#
# JRE version: OpenJDK Runtime Environment (8.0_191-b12) (build 1.8.0_191-8u191-b12-2ubuntu0.18.04.1-b12)
# Java VM: OpenJDK 64-Bit Server VM (25.191-b12 mixed mode linux-amd64 compressed oops)
# Failed to write core dump. Core dumps have been disabled. To enable core dumping, try "ulimit -c unlimited" before starting Java again
#

---------------  T H R E A D  ---------------

Current thread (0x00007f73e0081800):  VMThread [stack: 0x00007f73c9971000,0x00007f73c9a71000] [id=11234]

Stack: [0x00007f73c9971000,0x00007f73c9a71000],  sp=0x00007f73c9a6f480,  free space=1017k
Native frames: (J=compiled Java code, j=interpreted, Vv=VM code, C=native code)
V  [libjvm.so+0xab2552]
V  [libjvm.so+0x4d9e37]
V  [libjvm.so+0x8ed5e0]
V  [libjvm.so+0x8e470e]
V  [libjvm.so+0x968466]
V  [libjvm.so+0x9697d8]
V  [libjvm.so+0x965dd6]
V  [libjvm.so+0x96616c]
V  [libjvm.so+0x9149a8]
V  [libjvm.so+0xab4212]
V  [libjvm.so+0xab8dd6]
V  [libjvm.so+0xab7075]
V  [libjvm.so+0xab79ed]
V  [libjvm.so+0xab7dc7]
V  [libjvm.so+0x8ea992]

VM_Operation (0x00007f73e89601c0): ParallelGCFailedAllocation, mode: safepoint, requested by thread 0x00007f73e000b800


---------------  P R O C E S S  ---------------

Java Threads: ( => current thread )
  0x00007f73e00d4000 JavaThread "Service Thread" daemon [_thread_blocked, id=11242, stack(0x00007f73c8799000,0x00007f73c889a000)]
  0x00007f73e00c9000 JavaThread "C1 CompilerThread3" daemon [_thread_blocked, id=11241, stack(0x00007f73c889b000,0x00007f73c899b000)]
  0x00007f73e00c7000 JavaThread "C2 CompilerThread2" daemon [_thread_blocked, id=11240, stack(0x00007f73c899c000,0x00007f73c8a9c000)]
  0x00007f73e00c5000 JavaThread "C2 CompilerThread1" daemon [_thread_blocked, id=11239, stack(0x00007f73c8a9d000,0x00007f73c8b9d000)]
  0x00007f73e00c2800 JavaThread "C2 CompilerThread0" daemon [_thread_blocked, id=11238, stack(0x00007f73c8b9e000,0x00007f73c8c9e000)]
  0x00007f73e00c1000 JavaThread "Signal Dispatcher" daemon [_thread_blocked, id=11237, stack(0x00007f73c8c9e000,0x00007f73c8d9f000)]
  0x00007f73e008d800 JavaThread "Finalizer" daemon [_thread_blocked, id=11236, stack(0x00007f73c976e000,0x00007f73c986f000)]
  0x00007f73e008b000 JavaThread "Reference Handler" daemon [_thread_blocked, id=11235, stack(0x00007f73c986f000,0x00007f73c9970000)]
  0x00007f73e000b800 JavaThread "main" [_thread_blocked, id=11225, stack(0x00007f73e8865000,0x00007f73e8965000)]

Other Threads:
=>0x00007f73e0081800 VMThread [stack: 0x00007f73c9971000,0x00007f73c9a71000] [id=11234]
  0x00007f73e00d6800 WatcherThread [stack: 0x00007f73c8699000,0x00007f73c8799000] [id=11243]

VM state:at safepoint (normal execution)

VM Mutex/Monitor currently owned by a thread:  ([mutex/lock_event])
[0x00007f73e0007f70] Threads_lock - owner thread: 0x00007f73e0081800
[0x00007f73e0008470] Heap_lock - owner thread: 0x00007f73e000b800

Heap:
 PSYoungGen      total 138240K, used 10224K [0x000000076dd00000, 0x0000000776e00000, 0x00000007c0000000)
  eden space 128000K, 0% used [0x000000076dd00000,0x000000076dd00000,0x0000000775a00000)
  from space 10240K, 99% used [0x0000000775a00000,0x00000007763fc060,0x0000000776400000)
  to   space 10240K, 0% used [0x0000000776400000,0x0000000776400000,0x0000000776e00000)
 ParOldGen       total 169472K, used 8588K [0x00000006c9600000, 0x00000006d3b80000, 0x000000076dd00000)
  object space 169472K, 5% used [0x00000006c9600000,0x00000006c9e631c8,0x00000006d3b80000)
 Metaspace       used 18700K, capacity 19158K, committed 19456K, reserved 1067008K
  class space    used 2117K, capacity 2201K, committed 2304K, reserved 1048576K

Card table byte_map: [0x00007f73e4648000,0x00007f73e4dfe000] byte_map_base: 0x00007f73e0ffd000

Marking Bits: (ParMarkBitMap*) 0x00007f73e7afb340
 Begin Bits: [0x00007f73944b0000, 0x00007f7398258000)
 End Bits:   [0x00007f7398258000, 0x00007f739c000000)

Polling page: 0x00007f73e897c000

CodeCache: size=245760Kb used=15145Kb max_used=15153Kb free=230614Kb
 bounds [0x00007f73d1000000, 0x00007f73d1ee0000, 0x00007f73e0000000]
 total_blobs=4330 nmethods=3985 adapters=259
 compilation: enabled

Compilation events (10 events):
Event: 3,994 Thread 0x00007f73e00c2800 nmethod 3882 0x00007f73d1ed1290 code [0x00007f73d1ed18e0, 0x00007f73d1ed56c8]
Event: 3,994 Thread 0x00007f73e00c2800 3988       4       com.google.inject.internal.asm.$ClassWriter::a (91 bytes)
Event: 3,995 Thread 0x00007f73e00c9000 4000       3       com.google.inject.internal.cglib.core.$EmitUtils$15::transform (22 bytes)
Event: 3,996 Thread 0x00007f73e00c9000 nmethod 4000 0x00007f73d1ec9f50 code [0x00007f73d1eca160, 0x00007f73d1ecaa48]
Event: 4,006 Thread 0x00007f73e00c9000 4002       3       com.google.inject.internal.cglib.core.$ReflectUtils::addAllMethods (80 bytes)
Event: 4,007 Thread 0x00007f73e00c9000 nmethod 4002 0x00007f73d1ec7cd0 code [0x00007f73d1ec7f40, 0x00007f73d1ec8ae8]
Event: 4,008 Thread 0x00007f73e00c9000 4003       3       com.google.inject.internal.cglib.core.$EmitUtils::string_switch_hash (86 bytes)
Event: 4,009 Thread 0x00007f73e00c9000 nmethod 4003 0x00007f73d1ecf210 code [0x00007f73d1ecf4c0, 0x00007f73d1ed07b8]
Event: 4,014 Thread 0x00007f73e00c9000 4004       3       com.google.inject.internal.cglib.core.$EmitUtils$16::processCase (41 bytes)
Event: 4,015 Thread 0x00007f73e00c9000 nmethod 4004 0x00007f73d1eceb10 code [0x00007f73d1ececa0, 0x00007f73d1ecf098]

GC Heap History (9 events):
Event: 0,725 GC heap before
{Heap before GC invocations=1 (full 0):
 PSYoungGen      total 74240K, used 64000K [0x000000076dd00000, 0x0000000772f80000, 0x00000007c0000000)
  eden space 64000K, 100% used [0x000000076dd00000,0x0000000771b80000,0x0000000771b80000)
  from space 10240K, 0% used [0x0000000772580000,0x0000000772580000,0x0000000772f80000)
  to   space 10240K, 0% used [0x0000000771b80000,0x0000000771b80000,0x0000000772580000)
 ParOldGen       total 169472K, used 0K [0x00000006c9600000, 0x00000006d3b80000, 0x000000076dd00000)
  object space 169472K, 0% used [0x00000006c9600000,0x00000006c9600000,0x00000006d3b80000)
 Metaspace       used 11074K, capacity 11234K, committed 11520K, reserved 1058816K
  class space    used 1362K, capacity 1443K, committed 1536K, reserved 1048576K
Event: 0,732 GC heap after
Heap after GC invocations=1 (full 0):
 PSYoungGen      total 74240K, used 9311K [0x000000076dd00000, 0x0000000772f80000, 0x00000007c0000000)
  eden space 64000K, 0% used [0x000000076dd00000,0x000000076dd00000,0x0000000771b80000)
  from space 10240K, 90% used [0x0000000771b80000,0x0000000772497cb8,0x0000000772580000)
  to   space 10240K, 0% used [0x0000000772580000,0x0000000772580000,0x0000000772f80000)
 ParOldGen       total 169472K, used 16K [0x00000006c9600000, 0x00000006d3b80000, 0x000000076dd00000)
  object space 169472K, 0% used [0x00000006c9600000,0x00000006c9604000,0x00000006d3b80000)
 Metaspace       used 11074K, capacity 11234K, committed 11520K, reserved 1058816K
  class space    used 1362K, capacity 1443K, committed 1536K, reserved 1048576K
}
Event: 1,455 GC heap before
{Heap before GC invocations=2 (full 0):
 PSYoungGen      total 74240K, used 73311K [0x000000076dd00000, 0x0000000772f80000, 0x00000007c0000000)
  eden space 64000K, 100% used [0x000000076dd00000,0x0000000771b80000,0x0000000771b80000)
  from space 10240K, 90% used [0x0000000771b80000,0x0000000772497cb8,0x0000000772580000)
  to   space 10240K, 0% used [0x0000000772580000,0x0000000772580000,0x0000000772f80000)
 ParOldGen       total 169472K, used 16K [0x00000006c9600000, 0x00000006d3b80000, 0x000000076dd00000)
  object space 169472K, 0% used [0x00000006c9600000,0x00000006c9604000,0x00000006d3b80000)
 Metaspace       used 16298K, capacity 16600K, committed 16896K, reserved 1064960K
  class space    used 1934K, capacity 2041K, committed 2048K, reserved 1048576K
Event: 1,475 GC heap after
Heap after GC invocations=2 (full 0):
 PSYoungGen      total 74240K, used 8710K [0x000000076dd00000, 0x0000000776e00000, 0x00000007c0000000)
  eden space 64000K, 0% used [0x000000076dd00000,0x000000076dd00000,0x0000000771b80000)
  from space 10240K, 85% used [0x0000000772580000,0x0000000772e01b50,0x0000000772f80000)
  to   space 10240K, 0% used [0x0000000771b80000,0x0000000771b80000,0x0000000772580000)
 ParOldGen       total 169472K, used 32K [0x00000006c9600000, 0x00000006d3b80000, 0x000000076dd00000)
  object space 169472K, 0% used [0x00000006c9600000,0x00000006c9608000,0x00000006d3b80000)
 Metaspace       used 16298K, capacity 16600K, committed 16896K, reserved 1064960K
  class space    used 1934K, capacity 2041K, committed 2048K, reserved 1048576K
}
Event: 1,912 GC heap before
{Heap before GC invocations=3 (full 0):
 PSYoungGen      total 74240K, used 72710K [0x000000076dd00000, 0x0000000776e00000, 0x00000007c0000000)
  eden space 64000K, 100% used [0x000000076dd00000,0x0000000771b80000,0x0000000771b80000)
  from space 10240K, 85% used [0x0000000772580000,0x0000000772e01b50,0x0000000772f80000)
  to   space 10240K, 0% used [0x0000000771b80000,0x0000000771b80000,0x0000000772580000)
 ParOldGen       total 169472K, used 32K [0x00000006c9600000, 0x00000006d3b80000, 0x000000076dd00000)
  object space 169472K, 0% used [0x00000006c9600000,0x00000006c9608000,0x00000006d3b80000)
 Metaspace       used 16746K, capacity 17032K, committed 17280K, reserved 1064960K
  class space    used 1954K, capacity 2049K, committed 2176K, reserved 1048576K
Event: 1,920 GC heap after
Heap after GC invocations=3 (full 0):
 PSYoungGen      total 74240K, used 9787K [0x000000076dd00000, 0x0000000776e00000, 0x00000007c0000000)
  eden space 64000K, 0% used [0x000000076dd00000,0x000000076dd00000,0x0000000771b80000)
  from space 10240K, 95% used [0x0000000771b80000,0x000000077250efc8,0x0000000772580000)
  to   space 10240K, 0% used [0x0000000776400000,0x0000000776400000,0x0000000776e00000)
 ParOldGen       total 169472K, used 40K [0x00000006c9600000, 0x00000006d3b80000, 0x000000076dd00000)
  object space 169472K, 0% used [0x00000006c9600000,0x00000006c960a000,0x00000006d3b80000)
 Metaspace       used 16746K, capacity 17032K, committed 17280K, reserved 1064960K
  class space    used 1954K, capacity 2049K, committed 2176K, reserved 1048576K
}
Event: 2,519 GC heap before
{Heap before GC invocations=4 (full 0):
 PSYoungGen      total 74240K, used 73787K [0x000000076dd00000, 0x0000000776e00000, 0x00000007c0000000)
  eden space 64000K, 100% used [0x000000076dd00000,0x0000000771b80000,0x0000000771b80000)
  from space 10240K, 95% used [0x0000000771b80000,0x000000077250efc8,0x0000000772580000)
  to   space 10240K, 0% used [0x0000000776400000,0x0000000776400000,0x0000000776e00000)
 ParOldGen       total 169472K, used 40K [0x00000006c9600000, 0x00000006d3b80000, 0x000000076dd00000)
  object space 169472K, 0% used [0x00000006c9600000,0x00000006c960a000,0x00000006d3b80000)
 Metaspace       used 17091K, capacity 17358K, committed 17792K, reserved 1064960K
  class space    used 1957K, capacity 2050K, committed 2176K, reserved 1048576K
Event: 2,547 GC heap after
Heap after GC invocations=4 (full 0):
 PSYoungGen      total 138240K, used 10208K [0x000000076dd00000, 0x0000000776e00000, 0x00000007c0000000)
  eden space 128000K, 0% used [0x000000076dd00000,0x000000076dd00000,0x0000000775a00000)
  from space 10240K, 99% used [0x0000000776400000,0x0000000776df8020,0x0000000776e00000)
  to   space 10240K, 0% used [0x0000000775a00000,0x0000000775a00000,0x0000000776400000)
 ParOldGen       total 169472K, used 1936K [0x00000006c9600000, 0x00000006d3b80000, 0x000000076dd00000)
  object space 169472K, 1% used [0x00000006c9600000,0x00000006c97e4000,0x00000006d3b80000)
 Metaspace       used 17091K, capacity 17358K, committed 17792K, reserved 1064960K
  class space    used 1957K, capacity 2050K, committed 2176K, reserved 1048576K
}
Event: 4,019 GC heap before
{Heap before GC invocations=5 (full 0):
 PSYoungGen      total 138240K, used 138208K [0x000000076dd00000, 0x0000000776e00000, 0x00000007c0000000)
  eden space 128000K, 100% used [0x000000076dd00000,0x0000000775a00000,0x0000000775a00000)
  from space 10240K, 99% used [0x0000000776400000,0x0000000776df8020,0x0000000776e00000)
  to   space 10240K, 0% used [0x0000000775a00000,0x0000000775a00000,0x0000000776400000)
 ParOldGen       total 169472K, used 1936K [0x00000006c9600000, 0x00000006d3b80000, 0x000000076dd00000)
  object space 169472K, 1% used [0x00000006c9600000,0x00000006c97e4000,0x00000006d3b80000)
 Metaspace       used 18700K, capacity 19158K, committed 19456K, reserved 1067008K
  class space    used 2117K, capacity 2201K, committed 2304K, reserved 1048576K

Deoptimization events (10 events):
Event: 3,618 Thread 0x00007f73e000b800 Uncommon trap: reason=unstable_if action=reinterpret pc=0x00007f73d1d7cf08 method=java.util.IdentityHashMap.closeDeletion(I)V @ 55
Event: 3,619 Thread 0x00007f73e000b800 Uncommon trap: reason=bimorphic action=maybe_recompile pc=0x00007f73d1dfdaa4 method=java.util.AbstractCollection.toArray()[Ljava/lang/Object; @ 1
Event: 3,619 Thread 0x00007f73e000b800 Uncommon trap: reason=bimorphic action=maybe_recompile pc=0x00007f73d1dfdaa4 method=java.util.AbstractCollection.toArray()[Ljava/lang/Object; @ 1
Event: 3,782 Thread 0x00007f73e000b800 Uncommon trap: reason=unstable_if action=reinterpret pc=0x00007f73d1ab85d4 method=org.apache.maven.model.ConfigurationContainer.clone()Lorg/apache/maven/model/ConfigurationContainer; @ 37
Event: 3,782 Thread 0x00007f73e000b800 Uncommon trap: reason=unstable_if action=reinterpret pc=0x00007f73d19b84d8 method=org.apache.maven.model.ConfigurationContainer.clone()Lorg/apache/maven/model/ConfigurationContainer; @ 37
Event: 3,891 Thread 0x00007f73e000b800 Uncommon trap: reason=unstable_if action=reinterpret pc=0x00007f73d1d9366c method=org.eclipse.aether.util.graph.transformer.ConflictResolver$State.deriveScope(Lorg/eclipse/aether/graph/DependencyNode;Ljava/lang/Object;)Ljava/lang/String; @ 8
Event: 3,891 Thread 0x00007f73e000b800 Uncommon trap: reason=unstable_if action=reinterpret pc=0x00007f73d1dad8d8 method=org.eclipse.aether.util.graph.transformer.ConflictResolver$State.deriveScope(Lorg/eclipse/aether/graph/DependencyNode;Ljava/lang/Object;)Ljava/lang/String; @ 8
Event: 3,900 Thread 0x00007f73e000b800 Uncommon trap: reason=class_check action=maybe_recompile pc=0x00007f73d1b8cfbc method=org.eclipse.sisu.wire.EntryListAdapter$ValueIterator.hasNext()Z @ 4
Event: 3,902 Thread 0x00007f73e000b800 Uncommon trap: reason=unstable_if action=reinterpret pc=0x00007f73d195a738 method=org.eclipse.sisu.plexus.RealmFilteredBeans$FilteredItr.hasNext()Z @ 57
Event: 3,975 Thread 0x00007f73e000b800 Uncommon trap: reason=bimorphic action=maybe_recompile pc=0x00007f73d1704750 method=java.util.regex.Pattern$CharProperty.match(Ljava/util/regex/Matcher;ILjava/lang/CharSequence;)Z @ 37

Classes redefined (0 events):
No events

Internal exceptions (10 events):
Event: 1,189 Thread 0x00007f73e000b800 Exception <a 'java/lang/NullPointerException'> (0x0000000770527c28) thrown at [/build/openjdk-8-5w_p1G/openjdk-8-8u191-b12/src/hotspot/src/share/vm/interpreter/linkResolver.cpp, line 1185]
Event: 1,189 Thread 0x00007f73e000b800 Exception <a 'java/lang/NullPointerException'> (0x00000007705321f0) thrown at [/build/openjdk-8-5w_p1G/openjdk-8-8u191-b12/src/hotspot/src/share/vm/interpreter/linkResolver.cpp, line 1185]
Event: 1,189 Thread 0x00007f73e000b800 Exception <a 'java/lang/NullPointerException'> (0x0000000770532408) thrown at [/build/openjdk-8-5w_p1G/openjdk-8-8u191-b12/src/hotspot/src/share/vm/interpreter/linkResolver.cpp, line 1185]
Event: 1,189 Thread 0x00007f73e000b800 Exception <a 'java/lang/NullPointerException'> (0x0000000770532620) thrown at [/build/openjdk-8-5w_p1G/openjdk-8-8u191-b12/src/hotspot/src/share/vm/interpreter/linkResolver.cpp, line 1185]
Event: 1,421 Thread 0x00007f73e000b800 Implicit null exception at 0x00007f73d13bb3f5 to 0x00007f73d13bb629
Event: 1,421 Thread 0x00007f73e000b800 Implicit null exception at 0x00007f73d1315b2f to 0x00007f73d1315b99
Event: 1,549 Thread 0x00007f73e000b800 Implicit null exception at 0x00007f73d17cf28e to 0x00007f73d17cfe09
Event: 2,552 Thread 0x00007f73e000b800 Implicit null exception at 0x00007f73d1abfb6a to 0x00007f73d1ac192d
Event: 2,778 Thread 0x00007f73e000b800 Implicit null exception at 0x00007f73d1c0a3af to 0x00007f73d1c0b6bd
Event: 2,859 Thread 0x00007f73e000b800 Implicit null exception at 0x00007f73d1b995f6 to 0x00007f73d1b9b6e5

Events (10 events):
Event: 3,990 loading class org/codehaus/plexus/util/StringUtils done
Event: 3,992 loading class org/apache/maven/scm/provider/ScmUrlUtils
Event: 3,992 loading class org/apache/maven/scm/provider/ScmUrlUtils done
Event: 3,992 loading class org/apache/maven/scm/provider/ScmUrlUtils
Event: 3,992 loading class org/apache/maven/scm/provider/ScmUrlUtils done
Event: 3,992 loading class org/apache/maven/scm/manager/plexus/PlexusLogger
Event: 3,992 loading class org/apache/maven/scm/manager/plexus/PlexusLogger done
Event: 3,992 loading class org/apache/maven/scm/manager/plexus/PlexusLogger
Event: 3,992 loading class org/apache/maven/scm/manager/plexus/PlexusLogger done
Event: 4,018 Executing VM operation: ParallelGCFailedAllocation


Dynamic libraries:
6c9600000-6d3b80000 rw-p 00000000 00:00 0 
6d3b80000-76dd00000 ---p 00000000 00:00 0 
76dd00000-776e00000 rw-p 00000000 00:00 0 
77f800000-7c0000000 ---p 00000000 00:00 0 
7c0000000-7c0240000 rw-p 00000000 00:00 0 
7c0240000-800000000 ---p 00000000 00:00 0 
5630c5f71000-5630c5f72000 r-xp 00000000 103:02 3676247                   /usr/lib/jvm/java-8-openjdk-amd64/jre/bin/java
5630c6171000-5630c6172000 r--p 00000000 103:02 3676247                   /usr/lib/jvm/java-8-openjdk-amd64/jre/bin/java
5630c6172000-5630c6173000 rw-p 00001000 103:02 3676247                   /usr/lib/jvm/java-8-openjdk-amd64/jre/bin/java
5630c6210000-5630c6231000 rw-p 00000000 00:00 0                          [heap]
7f7368000000-7f7368021000 rw-p 00000000 00:00 0 
7f7368021000-7f736c000000 ---p 00000000 00:00 0 
7f7370000000-7f7370c3c000 rw-p 00000000 00:00 0 
7f7370c3c000-7f7374000000 ---p 00000000 00:00 0 
7f7374000000-7f7374021000 rw-p 00000000 00:00 0 
7f7374021000-7f7378000000 ---p 00000000 00:00 0 
7f7378000000-7f7378c0c000 rw-p 00000000 00:00 0 
7f7378c0c000-7f737c000000 ---p 00000000 00:00 0 
7f737c000000-7f737d0bf000 rw-p 00000000 00:00 0 
7f737d0bf000-7f7380000000 ---p 00000000 00:00 0 
7f7380000000-7f7380021000 rw-p 00000000 00:00 0 
7f7380021000-7f7384000000 ---p 00000000 00:00 0 
7f7384000000-7f7385185000 rw-p 00000000 00:00 0 
7f7385185000-7f7388000000 ---p 00000000 00:00 0 
7f7388000000-7f7388021000 rw-p 00000000 00:00 0 
7f7388021000-7f738c000000 ---p 00000000 00:00 0 
7f738c000000-7f738c021000 rw-p 00000000 00:00 0 
7f738c021000-7f7390000000 ---p 00000000 00:00 0 
7f7390000000-7f7390021000 rw-p 00000000 00:00 0 
7f7390021000-7f7394000000 ---p 00000000 00:00 0 
7f73944b0000-7f739c000000 rw-p 00000000 00:00 0 
7f739c000000-7f739c021000 rw-p 00000000 00:00 0 
7f739c021000-7f73a0000000 ---p 00000000 00:00 0 
7f73a0000000-7f73a0021000 rw-p 00000000 00:00 0 
7f73a0021000-7f73a4000000 ---p 00000000 00:00 0 
7f73a4000000-7f73a4021000 rw-p 00000000 00:00 0 
7f73a4021000-7f73a8000000 ---p 00000000 00:00 0 
7f73ac000000-7f73ac021000 rw-p 00000000 00:00 0 
7f73ac021000-7f73b0000000 ---p 00000000 00:00 0 
7f73b4000000-7f73b4021000 rw-p 00000000 00:00 0 
7f73b4021000-7f73b8000000 ---p 00000000 00:00 0 
7f73bc000000-7f73bc021000 rw-p 00000000 00:00 0 
7f73bc021000-7f73c0000000 ---p 00000000 00:00 0 
7f73c35d5000-7f73c3695000 rw-p 00000000 00:00 0 
7f73c3695000-7f73c37d5000 ---p 00000000 00:00 0 
7f73c37d5000-7f73c39d5000 rw-p 00000000 00:00 0 
7f73c39d5000-7f73c39e6000 r-xp 00000000 103:02 3676299                   /usr/lib/jvm/java-8-openjdk-amd64/jre/lib/amd64/libnio.so
7f73c39e6000-7f73c3be6000 ---p 00011000 103:02 3676299                   /usr/lib/jvm/java-8-openjdk-amd64/jre/lib/amd64/libnio.so
7f73c3be6000-7f73c3be7000 r--p 00011000 103:02 3676299                   /usr/lib/jvm/java-8-openjdk-amd64/jre/lib/amd64/libnio.so
7f73c3be7000-7f73c3be8000 rw-p 00012000 103:02 3676299                   /usr/lib/jvm/java-8-openjdk-amd64/jre/lib/amd64/libnio.so
7f73c3be8000-7f73c3bff000 r-xp 00000000 103:02 3676298                   /usr/lib/jvm/java-8-openjdk-amd64/jre/lib/amd64/libnet.so
7f73c3bff000-7f73c3dfe000 ---p 00017000 103:02 3676298                   /usr/lib/jvm/java-8-openjdk-amd64/jre/lib/amd64/libnet.so
7f73c3dfe000-7f73c3dff000 r--p 00016000 103:02 3676298                   /usr/lib/jvm/java-8-openjdk-amd64/jre/lib/amd64/libnet.so
7f73c3dff000-7f73c3e00000 rw-p 00017000 103:02 3676298                   /usr/lib/jvm/java-8-openjdk-amd64/jre/lib/amd64/libnet.so
7f73c3e00000-7f73c4000000 rw-p 00000000 00:00 0 
7f73c4000000-7f73c4021000 rw-p 00000000 00:00 0 
7f73c4021000-7f73c8000000 ---p 00000000 00:00 0 
7f73c8124000-7f73c8127000 r--s 000cf000 103:02 8391919                   /home/clarysabel/.m2/repository/net/java/dev/jna/jna/3.2.2/jna-3.2.2.jar
7f73c8127000-7f73c812c000 r--s 00068000 103:02 4727639                   /home/clarysabel/.m2/repository/antlr/antlr/2.7.7/antlr-2.7.7.jar
7f73c812c000-7f73c812f000 r--s 00027000 103:02 8391916                   /home/clarysabel/.m2/repository/org/antlr/stringtemplate/3.2/stringtemplate-3.2.jar
7f73c812f000-7f73c8132000 r--s 00022000 103:02 8391915                   /home/clarysabel/.m2/repository/org/antlr/antlr-runtime/3.1.3/antlr-runtime-3.1.3.jar
7f73c8132000-7f73c8141000 r--s 000a7000 103:02 8391912                   /home/clarysabel/.m2/repository/org/tmatesoft/sqljet/sqljet/1.0.4/sqljet-1.0.4.jar
7f73c8141000-7f73c8146000 r--s 00039000 103:02 8391885                   /home/clarysabel/.m2/repository/org/tmatesoft/svnkit/trilead-ssh2/build213-svnkit-1.3-patch/trilead-ssh2-build213-svnkit-1.3-patch.jar
7f73c8146000-7f73c815c000 r--s 001b8000 103:02 8391902                   /home/clarysabel/.m2/repository/org/tmatesoft/svnkit/svnkit/1.3.5/svnkit-1.3.5.jar
7f73c815c000-7f73c8160000 r--s 00033000 103:02 8388793                   /home/clarysabel/.m2/repository/org/codehaus/plexus/plexus-utils/2.0.5/plexus-utils-2.0.5.jar
7f73c8160000-7f73c8162000 r--s 0000b000 103:02 8391906                   /home/clarysabel/.m2/repository/com/google/code/maven-scm-provider-svnjava/maven-scm-provider-svnjava/1.13/maven-scm-provider-svnjava-1.13.jar
7f73c8162000-7f73c8164000 r--s 0000e000 103:02 8391905                   /home/clarysabel/.m2/repository/org/apache/maven/scm/maven-scm-provider-hg/1.7/maven-scm-provider-hg-1.7.jar
7f73c8164000-7f73c8166000 r--s 00012000 103:02 8391904                   /home/clarysabel/.m2/repository/org/apache/maven/scm/maven-scm-provider-perforce/1.7/maven-scm-provider-perforce-1.7.jar
7f73c8166000-7f73c8169000 r--s 0000f000 103:02 8391903                   /home/clarysabel/.m2/repository/org/apache/maven/scm/maven-scm-provider-clearcase/1.7/maven-scm-provider-clearcase-1.7.jar
7f73c8169000-7f73c816c000 r--s 00010000 103:02 8391883                   /home/clarysabel/.m2/repository/org/apache/maven/scm/maven-scm-provider-starteam/1.7/maven-scm-provider-starteam-1.7.jar
7f73c816c000-7f73c816f000 r--s 00011000 103:02 8391895                   /home/clarysabel/.m2/repository/org/apache/maven/scm/maven-scm-provider-cvs-commons/1.7/maven-scm-provider-cvs-commons-1.7.jar
7f73c816f000-7f73c8171000 r--s 00006000 103:02 8391896                   /home/clarysabel/.m2/repository/org/apache/maven/scm/maven-scm-provider-cvsexe/1.7/maven-scm-provider-cvsexe-1.7.jar
7f73c8171000-7f73c8173000 r--s 00008000 103:02 8391894                   /home/clarysabel/.m2/repository/org/apache/maven/scm/maven-scm-provider-svn-commons/1.7/maven-scm-provider-svn-commons-1.7.jar
7f73c8173000-7f73c8175000 r--s 00008000 103:02 8391892                   /home/clarysabel/.m2/repository/org/apache/maven/scm/maven-scm-provider-git-commons/1.7/maven-scm-provider-git-commons-1.7.jar
7f73c8175000-7f73c8178000 r--s 0000d000 103:02 8391893                   /home/clarysabel/.m2/repository/org/apache/maven/scm/maven-scm-provider-gitexe/1.7/maven-scm-provider-gitexe-1.7.jar
7f73c8178000-7f73c817d000 r--s 00041000 103:02 8128994                   /home/clarysabel/.m2/repository/commons-lang/commons-lang/2.6/commons-lang-2.6.jar
7f73c817d000-7f73c8180000 r--s 00010000 103:02 8391886                   /home/clarysabel/.m2/repository/org/apache/maven/scm/maven-scm-provider-svnexe/1.7/maven-scm-provider-svnexe-1.7.jar
7f73c8180000-7f73c8182000 r--s 00005000 103:02 8391884                   /home/clarysabel/.m2/repository/regexp/regexp/1.3/regexp-1.3.jar
7f73c8182000-7f73c8185000 r--s 0000b000 103:02 8391882                   /home/clarysabel/.m2/repository/org/apache/maven/scm/maven-scm-provider-bazaar/1.7/maven-scm-provider-bazaar-1.7.jar
7f73c8185000-7f73c8186000 r--s 00002000 103:02 8391880                   /home/clarysabel/.m2/repository/org/apache/maven/scm/maven-scm-manager-plexus/1.7/maven-scm-manager-plexus-1.7.jar
7f73c8186000-7f73c818a000 r--s 00015000 103:02 8391878                   /home/clarysabel/.m2/repository/org/apache/maven/scm/maven-scm-api/1.7/maven-scm-api-1.7.jar
7f73c818a000-7f73c818c000 r--s 00002000 103:02 8389345                   /home/clarysabel/.m2/repository/org/codehaus/plexus/plexus-interactivity-api/1.0-alpha-4/plexus-interactivity-api-1.0-alpha-4.jar
7f73c818c000-7f73c818e000 r--s 00006000 103:02 8389864                   /home/clarysabel/.m2/repository/commons-cli/commons-cli/1.0/commons-cli-1.0.jar
7f73c818e000-7f73c818f000 r--s 00001000 103:02 8389866                   /home/clarysabel/.m2/repository/org/apache/maven/doxia/doxia-sink-api/1.0-alpha-7/doxia-sink-api-1.0-alpha-7.jar
7f73c818f000-7f73c8190000 r--s 00002000 103:02 8389862                   /home/clarysabel/.m2/repository/org/apache/maven/reporting/maven-reporting-api/2.0.6/maven-reporting-api-2.0.6.jar
7f73c8190000-7f73c8191000 r--s 00006000 103:02 8391711                   /home/clarysabel/.m2/repository/org/codehaus/mojo/buildnumber-maven-plugin/1.1/buildnumber-maven-plugin-1.1.jar
7f73c8191000-7f73c8195000 r--s 00034000 103:02 8389807                   /home/clarysabel/.m2/repository/org/codehaus/plexus/plexus-utils/3.0/plexus-utils-3.0.jar
7f73c8195000-7f73c8197000 r--s 00005000 103:02 8389805                   /home/clarysabel/.m2/repository/org/apache/maven/plugins/maven-clean-plugin/2.5/maven-clean-plugin-2.5.jar
7f73c8197000-7f73c819c000 r--s 000a0000 103:02 3676338                   /usr/lib/jvm/java-8-openjdk-amd64/jre/lib/jsse.jar
7f73c819c000-7f73c839c000 rw-p 00000000 00:00 0 
7f73c839c000-7f73c859c000 rw-p 00000000 00:00 0 
7f73c859c000-7f73c859e000 r--s 00008000 103:02 4063435                   /usr/share/java/maven-resolver-connector-basic.jar
7f73c859e000-7f73c85a1000 r--s 00011000 103:02 4063461                   /usr/share/java/plexus-interpolation.jar
7f73c85a1000-7f73c85a6000 r--s 00026000 103:02 4063494                   /usr/share/java/maven3-model-builder.jar
7f73c85a6000-7f73c85ad000 r--s 00054000 103:02 4063485                   /usr/share/java/sisu-inject.jar
7f73c85ad000-7f73c85b1000 r--s 0003b000 103:02 4063430                   /usr/share/java/plexus-utils2.jar
7f73c85b1000-7f73c85b3000 r--s 00007000 103:02 4063428                   /usr/share/java/jansi.jar
7f73c85b3000-7f73c85b7000 r--s 00028000 103:02 4063436                   /usr/share/java/maven-resolver-impl.jar
7f73c85b7000-7f73c85b8000 r--s 00002000 103:02 4063490                   /usr/share/java/maven3-builder-support.jar
7f73c85b8000-7f73c85b9000 r--s 00001000 103:02 4063528                   /usr/share/java/wagon-file.jar
7f73c85b9000-7f73c85bb000 r--s 00008000 103:02 4063499                   /usr/share/java/maven3-settings-builder.jar
7f73c85bb000-7f73c85bc000 r--s 00002000 103:02 4063398                   /usr/share/java/geronimo-annotation-1.3-spec.jar
7f73c85bc000-7f73c85c0000 r--s 00022000 103:02 4063442                   /usr/share/java/maven-resolver-util.jar
7f73c85c0000-7f73c85c2000 r--s 00006000 103:02 4063437                   /usr/share/java/maven-resolver-spi.jar
7f73c85c2000-7f73c85c7000 r--s 00030000 103:02 4063394                   /usr/share/java/commons-io.jar
7f73c85c7000-7f73c85c9000 r--s 0000e000 103:02 4063498                   /usr/share/java/maven3-resolver-provider.jar
7f73c85c9000-7f73c85d7000 r--s 0009a000 103:02 4063414                   /usr/share/java/guice.jar
7f73c85d7000-7f73c85db000 r--s 0001f000 103:02 4063434                   /usr/share/java/maven-resolver-api.jar
7f73c85db000-7f73c85dc000 r--s 00000000 103:02 4063323                   /usr/share/java/atinject-jsr330-api-1.0.jar
7f73c85dc000-7f73c85dd000 r--s 00004000 103:02 4063501                   /usr/share/java/maven3-slf4j-provider.jar
7f73c85dd000-7f73c85e0000 r--s 0000a000 103:02 4063489                   /usr/share/java/maven3-artifact.jar
7f73c85e0000-7f73c85e1000 r--s 00001000 103:02 4063325                   /usr/share/java/geronimo-interceptor-3.0-spec.jar
7f73c85e1000-7f73c85e3000 r--s 00012000 103:02 4063623                   /usr/share/java/el-api-3.0.jar
7f73c85e3000-7f73c85e4000 r--s 00000000 103:02 4063323                   /usr/share/java/atinject-jsr330-api-1.0.jar
7f73c85e4000-7f73c85e7000 r--s 0000e000 103:02 4063327                   /usr/share/java/cdi-api.jar
7f73c85e7000-7f73c85e9000 r--s 00009000 103:02 4063468                   /usr/share/java/slf4j-api.jar
7f73c85e9000-7f73c85eb000 r--s 0000a000 103:02 4063496                   /usr/share/java/maven3-plugin-api.jar
7f73c85eb000-7f73c85ec000 r--s 0000a000 103:02 4063500                   /usr/share/java/maven3-settings.jar
7f73c85ec000-7f73c85f2000 r--s 0002d000 103:02 4063487                   /usr/share/java/sisu-plexus.jar
7f73c85f2000-7f73c861f000 r--s 001ce000 103:02 4063530                   /usr/share/java/wagon-http-shaded-3.0.0.jar
7f73c861f000-7f73c8621000 r--s 00001000 103:02 4063404                   /usr/share/java/aopalliance-1.0.jar
7f73c8621000-7f73c8623000 r--s 00003000 103:02 4063465                   /usr/share/java/jcl-over-slf4j.jar
7f73c8623000-7f73c862a000 r--s 00042000 103:02 4063491                   /usr/share/java/maven3-compat.jar
7f73c862a000-7f73c862c000 r--s 0000b000 103:02 4063432                   /usr/share/java/wagon-provider-api.jar
7f73c862c000-7f73c8634000 r--s 0006d000 103:02 4063396                   /usr/share/java/commons-lang3.jar
7f73c8634000-7f73c8636000 r--s 0000a000 103:02 4063329                   /usr/share/java/commons-cli.jar
7f73c8636000-7f73c8643000 r--s 0008d000 103:02 4063492                   /usr/share/java/maven3-core.jar
7f73c8643000-7f73c8645000 r--s 00006000 103:02 4063463                   /usr/share/java/plexus-sec-dispatcher.jar
7f73c8645000-7f73c8647000 r--s 00005000 103:02 4063441                   /usr/share/java/maven-resolver-transport-wagon.jar
7f73c8647000-7f73c8673000 r--s 00208000 103:02 4063402                   /usr/share/java/guava.jar
7f73c8673000-7f73c8677000 r--s 00023000 103:02 4063452                   /usr/share/java/maven-shared-utils.jar
7f73c8677000-7f73c867a000 r--s 00015000 103:02 4063493                   /usr/share/java/maven3-embedder.jar
7f73c867a000-7f73c867d000 r--s 00027000 103:02 4063495                   /usr/share/java/maven3-model.jar
7f73c867d000-7f73c8698000 r--s 00394000 103:02 3676317                   /usr/lib/jvm/java-8-openjdk-amd64/jre/lib/ext/cldrdata.jar
7f73c8698000-7f73c8699000 ---p 00000000 00:00 0 
7f73c8699000-7f73c8799000 rw-p 00000000 00:00 0 
7f73c8799000-7f73c879c000 ---p 00000000 00:00 0 
7f73c879c000-7f73c889a000 rw-p 00000000 00:00 0 
7f73c889a000-7f73c889b000 ---p 00000000 00:00 0 
7f73c889b000-7f73c889e000 ---p 00000000 00:00 0 
7f73c889e000-7f73c899b000 rw-p 00000000 00:00 0 
7f73c899b000-7f73c899c000 ---p 00000000 00:00 0 
7f73c899c000-7f73c899f000 ---p 00000000 00:00 0 
7f73c899f000-7f73c8a9c000 rw-p 00000000 00:00 0 
7f73c8a9c000-7f73c8a9d000 ---p 00000000 00:00 0 
7f73c8a9d000-7f73c8aa0000 ---p 00000000 00:00 0 
7f73c8aa0000-7f73c8b9d000 rw-p 00000000 00:00 0 
7f73c8b9d000-7f73c8b9e000 ---p 00000000 00:00 0 
7f73c8b9e000-7f73c8ba1000 ---p 00000000 00:00 0 
7f73c8ba1000-7f73c8c9e000 rw-p 00000000 00:00 0 
7f73c8c9e000-7f73c8ca1000 ---p 00000000 00:00 0 
7f73c8ca1000-7f73c8d9f000 rw-p 00000000 00:00 0 
7f73c8d9f000-7f73c976e000 r--p 00000000 103:02 3676791                   /usr/lib/locale/locale-archive
7f73c976e000-7f73c9771000 ---p 00000000 00:00 0 
7f73c9771000-7f73c986f000 rw-p 00000000 00:00 0 
7f73c986f000-7f73c9872000 ---p 00000000 00:00 0 
7f73c9872000-7f73c9970000 rw-p 00000000 00:00 0 
7f73c9970000-7f73c9971000 ---p 00000000 00:00 0 
7f73c9971000-7f73cb631000 rw-p 00000000 00:00 0 
7f73cb631000-7f73cb800000 r--s 03c33000 103:02 3676343                   /usr/lib/jvm/java-8-openjdk-amd64/jre/lib/rt.jar
7f73cb800000-7f73cc000000 rw-p 00000000 00:00 0 
7f73cc000000-7f73cc021000 rw-p 00000000 00:00 0 
7f73cc021000-7f73d0000000 ---p 00000000 00:00 0 
7f73d0000000-7f73d0002000 r--s 00000000 103:02 4063458                   /usr/share/java/plexus-component-annotations.jar
7f73d0002000-7f73d001d000 r--s 001d6000 103:02 3676322                   /usr/lib/jvm/java-8-openjdk-amd64/jre/lib/ext/nashorn.jar
7f73d001d000-7f73d08f9000 rw-p 00000000 00:00 0 
7f73d08f9000-7f73d08fa000 ---p 00000000 00:00 0 
7f73d08fa000-7f73d09fa000 rw-p 00000000 00:00 0 
7f73d09fa000-7f73d09fb000 ---p 00000000 00:00 0 
7f73d09fb000-7f73d0afb000 rw-p 00000000 00:00 0 
7f73d0afb000-7f73d0afc000 ---p 00000000 00:00 0 
7f73d0afc000-7f73d0bfc000 rw-p 00000000 00:00 0 
7f73d0bfc000-7f73d0bfd000 ---p 00000000 00:00 0 
7f73d0bfd000-7f73d0cfd000 rw-p 00000000 00:00 0 
7f73d0cfd000-7f73d0cfe000 ---p 00000000 00:00 0 
7f73d0cfe000-7f73d0dfe000 rw-p 00000000 00:00 0 
7f73d0dfe000-7f73d0dff000 ---p 00000000 00:00 0 
7f73d0dff000-7f73d0eff000 rw-p 00000000 00:00 0 
7f73d0eff000-7f73d0f00000 ---p 00000000 00:00 0 
7f73d0f00000-7f73d1000000 rw-p 00000000 00:00 0 
7f73d1000000-7f73d1ee0000 rwxp 00000000 00:00 0 
7f73d1ee0000-7f73e0000000 ---p 00000000 00:00 0 
7f73e0000000-7f73e0dd8000 rw-p 00000000 00:00 0 
7f73e0dd8000-7f73e4000000 ---p 00000000 00:00 0 
7f73e4000000-7f73e4002000 r--s 0000b000 103:02 4063456                   /usr/share/java/plexus-classworlds.jar
7f73e4002000-7f73e4023000 rw-p 00000000 00:00 0 
7f73e4023000-7f73e4024000 ---p 00000000 00:00 0 
7f73e4024000-7f73e4177000 rw-p 00000000 00:00 0 
7f73e4177000-7f73e4648000 ---p 00000000 00:00 0 
7f73e4648000-7f73e469b000 rw-p 00000000 00:00 0 
7f73e469b000-7f73e4b6b000 ---p 00000000 00:00 0 
7f73e4b6b000-7f73e4bb4000 rw-p 00000000 00:00 0 
7f73e4bb4000-7f73e4dfd000 ---p 00000000 00:00 0 
7f73e4dfd000-7f73e4e3a000 rw-p 00000000 00:00 0 
7f73e4e3a000-7f73e51be000 ---p 00000000 00:00 0 
7f73e51be000-7f73e51c6000 r-xp 00000000 103:02 3676306                   /usr/lib/jvm/java-8-openjdk-amd64/jre/lib/amd64/libzip.so
7f73e51c6000-7f73e53c5000 ---p 00008000 103:02 3676306                   /usr/lib/jvm/java-8-openjdk-amd64/jre/lib/amd64/libzip.so
7f73e53c5000-7f73e53c6000 r--p 00007000 103:02 3676306                   /usr/lib/jvm/java-8-openjdk-amd64/jre/lib/amd64/libzip.so
7f73e53c6000-7f73e53c7000 rw-p 00008000 103:02 3676306                   /usr/lib/jvm/java-8-openjdk-amd64/jre/lib/amd64/libzip.so
7f73e53c7000-7f73e53d2000 r-xp 00000000 103:02 2495221                   /lib/x86_64-linux-gnu/libnss_files-2.27.so
7f73e53d2000-7f73e55d1000 ---p 0000b000 103:02 2495221                   /lib/x86_64-linux-gnu/libnss_files-2.27.so
7f73e55d1000-7f73e55d2000 r--p 0000a000 103:02 2495221                   /lib/x86_64-linux-gnu/libnss_files-2.27.so
7f73e55d2000-7f73e55d3000 rw-p 0000b000 103:02 2495221                   /lib/x86_64-linux-gnu/libnss_files-2.27.so
7f73e55d3000-7f73e55d9000 rw-p 00000000 00:00 0 
7f73e55d9000-7f73e55f0000 r-xp 00000000 103:02 2495215                   /lib/x86_64-linux-gnu/libnsl-2.27.so
7f73e55f0000-7f73e57ef000 ---p 00017000 103:02 2495215                   /lib/x86_64-linux-gnu/libnsl-2.27.so
7f73e57ef000-7f73e57f0000 r--p 00016000 103:02 2495215                   /lib/x86_64-linux-gnu/libnsl-2.27.so
7f73e57f0000-7f73e57f1000 rw-p 00017000 103:02 2495215                   /lib/x86_64-linux-gnu/libnsl-2.27.so
7f73e57f1000-7f73e57f3000 rw-p 00000000 00:00 0 
7f73e57f3000-7f73e57fe000 r-xp 00000000 103:02 2495232                   /lib/x86_64-linux-gnu/libnss_nis-2.27.so
7f73e57fe000-7f73e59fd000 ---p 0000b000 103:02 2495232                   /lib/x86_64-linux-gnu/libnss_nis-2.27.so
7f73e59fd000-7f73e59fe000 r--p 0000a000 103:02 2495232                   /lib/x86_64-linux-gnu/libnss_nis-2.27.so
7f73e59fe000-7f73e59ff000 rw-p 0000b000 103:02 2495232                   /lib/x86_64-linux-gnu/libnss_nis-2.27.so
7f73e59ff000-7f73e5a07000 r-xp 00000000 103:02 2495217                   /lib/x86_64-linux-gnu/libnss_compat-2.27.so
7f73e5a07000-7f73e5c07000 ---p 00008000 103:02 2495217                   /lib/x86_64-linux-gnu/libnss_compat-2.27.so
7f73e5c07000-7f73e5c08000 r--p 00008000 103:02 2495217                   /lib/x86_64-linux-gnu/libnss_compat-2.27.so
7f73e5c08000-7f73e5c09000 rw-p 00009000 103:02 2495217                   /lib/x86_64-linux-gnu/libnss_compat-2.27.so
7f73e5c09000-7f73e5c37000 r-xp 00000000 103:02 3676283                   /usr/lib/jvm/java-8-openjdk-amd64/jre/lib/amd64/libjava.so
7f73e5c37000-7f73e5e36000 ---p 0002e000 103:02 3676283                   /usr/lib/jvm/java-8-openjdk-amd64/jre/lib/amd64/libjava.so
7f73e5e36000-7f73e5e37000 r--p 0002d000 103:02 3676283                   /usr/lib/jvm/java-8-openjdk-amd64/jre/lib/amd64/libjava.so
7f73e5e37000-7f73e5e39000 rw-p 0002e000 103:02 3676283                   /usr/lib/jvm/java-8-openjdk-amd64/jre/lib/amd64/libjava.so
7f73e5e39000-7f73e5e49000 r-xp 00000000 103:02 3676305                   /usr/lib/jvm/java-8-openjdk-amd64/jre/lib/amd64/libverify.so
7f73e5e49000-7f73e6048000 ---p 00010000 103:02 3676305                   /usr/lib/jvm/java-8-openjdk-amd64/jre/lib/amd64/libverify.so
7f73e6048000-7f73e604a000 r--p 0000f000 103:02 3676305                   /usr/lib/jvm/java-8-openjdk-amd64/jre/lib/amd64/libverify.so
7f73e604a000-7f73e604b000 rw-p 00011000 103:02 3676305                   /usr/lib/jvm/java-8-openjdk-amd64/jre/lib/amd64/libverify.so
7f73e604b000-7f73e6052000 r-xp 00000000 103:02 2495272                   /lib/x86_64-linux-gnu/librt-2.27.so
7f73e6052000-7f73e6251000 ---p 00007000 103:02 2495272                   /lib/x86_64-linux-gnu/librt-2.27.so
7f73e6251000-7f73e6252000 r--p 00006000 103:02 2495272                   /lib/x86_64-linux-gnu/librt-2.27.so
7f73e6252000-7f73e6253000 rw-p 00007000 103:02 2495272                   /lib/x86_64-linux-gnu/librt-2.27.so
7f73e6253000-7f73e626a000 r-xp 00000000 103:02 2490603                   /lib/x86_64-linux-gnu/libgcc_s.so.1
7f73e626a000-7f73e6469000 ---p 00017000 103:02 2490603                   /lib/x86_64-linux-gnu/libgcc_s.so.1
7f73e6469000-7f73e646a000 r--p 00016000 103:02 2490603                   /lib/x86_64-linux-gnu/libgcc_s.so.1
7f73e646a000-7f73e646b000 rw-p 00017000 103:02 2490603                   /lib/x86_64-linux-gnu/libgcc_s.so.1
7f73e646b000-7f73e6608000 r-xp 00000000 103:02 2495194                   /lib/x86_64-linux-gnu/libm-2.27.so
7f73e6608000-7f73e6807000 ---p 0019d000 103:02 2495194                   /lib/x86_64-linux-gnu/libm-2.27.so
7f73e6807000-7f73e6808000 r--p 0019c000 103:02 2495194                   /lib/x86_64-linux-gnu/libm-2.27.so
7f73e6808000-7f73e6809000 rw-p 0019d000 103:02 2495194                   /lib/x86_64-linux-gnu/libm-2.27.so
7f73e6809000-7f73e6982000 r-xp 00000000 103:02 3672711                   /usr/lib/x86_64-linux-gnu/libstdc++.so.6.0.25
7f73e6982000-7f73e6b82000 ---p 00179000 103:02 3672711                   /usr/lib/x86_64-linux-gnu/libstdc++.so.6.0.25
7f73e6b82000-7f73e6b8c000 r--p 00179000 103:02 3672711                   /usr/lib/x86_64-linux-gnu/libstdc++.so.6.0.25
7f73e6b8c000-7f73e6b8e000 rw-p 00183000 103:02 3672711                   /usr/lib/x86_64-linux-gnu/libstdc++.so.6.0.25
7f73e6b8e000-7f73e6b92000 rw-p 00000000 00:00 0 
7f73e6b92000-7f73e782c000 r-xp 00000000 103:02 3676308                   /usr/lib/jvm/java-8-openjdk-amd64/jre/lib/amd64/server/libjvm.so
7f73e782c000-7f73e7a2b000 ---p 00c9a000 103:02 3676308                   /usr/lib/jvm/java-8-openjdk-amd64/jre/lib/amd64/server/libjvm.so
7f73e7a2b000-7f73e7abf000 r--p 00c99000 103:02 3676308                   /usr/lib/jvm/java-8-openjdk-amd64/jre/lib/amd64/server/libjvm.so
7f73e7abf000-7f73e7ae8000 rw-p 00d2d000 103:02 3676308                   /usr/lib/jvm/java-8-openjdk-amd64/jre/lib/amd64/server/libjvm.so
7f73e7ae8000-7f73e7b18000 rw-p 00000000 00:00 0 
7f73e7b18000-7f73e7b32000 r-xp 00000000 103:02 2495264                   /lib/x86_64-linux-gnu/libpthread-2.27.so
7f73e7b32000-7f73e7d31000 ---p 0001a000 103:02 2495264                   /lib/x86_64-linux-gnu/libpthread-2.27.so
7f73e7d31000-7f73e7d32000 r--p 00019000 103:02 2495264                   /lib/x86_64-linux-gnu/libpthread-2.27.so
7f73e7d32000-7f73e7d33000 rw-p 0001a000 103:02 2495264                   /lib/x86_64-linux-gnu/libpthread-2.27.so
7f73e7d33000-7f73e7d37000 rw-p 00000000 00:00 0 
7f73e7d37000-7f73e7d3a000 r-xp 00000000 103:02 2495154                   /lib/x86_64-linux-gnu/libdl-2.27.so
7f73e7d3a000-7f73e7f39000 ---p 00003000 103:02 2495154                   /lib/x86_64-linux-gnu/libdl-2.27.so
7f73e7f39000-7f73e7f3a000 r--p 00002000 103:02 2495154                   /lib/x86_64-linux-gnu/libdl-2.27.so
7f73e7f3a000-7f73e7f3b000 rw-p 00003000 103:02 2495154                   /lib/x86_64-linux-gnu/libdl-2.27.so
7f73e7f3b000-7f73e7f57000 r-xp 00000000 103:02 2495303                   /lib/x86_64-linux-gnu/libz.so.1.2.11
7f73e7f57000-7f73e8156000 ---p 0001c000 103:02 2495303                   /lib/x86_64-linux-gnu/libz.so.1.2.11
7f73e8156000-7f73e8157000 r--p 0001b000 103:02 2495303                   /lib/x86_64-linux-gnu/libz.so.1.2.11
7f73e8157000-7f73e8158000 rw-p 0001c000 103:02 2495303                   /lib/x86_64-linux-gnu/libz.so.1.2.11
7f73e8158000-7f73e833f000 r-xp 00000000 103:02 2495131                   /lib/x86_64-linux-gnu/libc-2.27.so
7f73e833f000-7f73e853f000 ---p 001e7000 103:02 2495131                   /lib/x86_64-linux-gnu/libc-2.27.so
7f73e853f000-7f73e8543000 r--p 001e7000 103:02 2495131                   /lib/x86_64-linux-gnu/libc-2.27.so
7f73e8543000-7f73e8545000 rw-p 001eb000 103:02 2495131                   /lib/x86_64-linux-gnu/libc-2.27.so
7f73e8545000-7f73e8549000 rw-p 00000000 00:00 0 
7f73e8549000-7f73e8557000 r-xp 00000000 103:02 3676267                   /usr/lib/jvm/java-8-openjdk-amd64/jre/lib/amd64/jli/libjli.so
7f73e8557000-7f73e8756000 ---p 0000e000 103:02 3676267                   /usr/lib/jvm/java-8-openjdk-amd64/jre/lib/amd64/jli/libjli.so
7f73e8756000-7f73e8757000 r--p 0000d000 103:02 3676267                   /usr/lib/jvm/java-8-openjdk-amd64/jre/lib/amd64/jli/libjli.so
7f73e8757000-7f73e8758000 rw-p 0000e000 103:02 3676267                   /usr/lib/jvm/java-8-openjdk-amd64/jre/lib/amd64/jli/libjli.so
7f73e8758000-7f73e877f000 r-xp 00000000 103:02 2495103                   /lib/x86_64-linux-gnu/ld-2.27.so
7f73e877f000-7f73e8780000 r--s 00003000 103:02 4063454                   /usr/share/java/plexus-cipher.jar
7f73e8780000-7f73e8786000 r--s 0003b000 103:02 3676324                   /usr/lib/jvm/java-8-openjdk-amd64/jre/lib/ext/sunjce_provider.jar
7f73e8786000-7f73e8789000 r--s 00038000 103:02 3676325                   /usr/lib/jvm/java-8-openjdk-amd64/jre/lib/ext/sunpkcs11.jar
7f73e8789000-7f73e8793000 r--s 00116000 103:02 3676321                   /usr/lib/jvm/java-8-openjdk-amd64/jre/lib/ext/localedata.jar
7f73e8793000-7f73e8864000 rw-p 00000000 00:00 0 
7f73e8864000-7f73e8865000 ---p 00000000 00:00 0 
7f73e8865000-7f73e8868000 ---p 00000000 00:00 0 
7f73e8868000-7f73e8967000 rw-p 00000000 00:00 0 
7f73e8967000-7f73e8968000 r--s 00006000 103:02 4063497                   /usr/share/java/maven3-repository-metadata.jar
7f73e8968000-7f73e8969000 r--s 00010000 103:02 3676326                   /usr/lib/jvm/java-8-openjdk-amd64/jre/lib/ext/zipfs.jar
7f73e8969000-7f73e896a000 r--s 0000a000 103:02 3676320                   /usr/lib/jvm/java-8-openjdk-amd64/jre/lib/ext/jaccess.jar
7f73e896a000-7f73e896c000 r--s 00008000 103:02 3676323                   /usr/lib/jvm/java-8-openjdk-amd64/jre/lib/ext/sunec.jar
7f73e896c000-7f73e896e000 r--s 00001000 103:02 3676318                   /usr/lib/jvm/java-8-openjdk-amd64/jre/lib/ext/dnsns.jar
7f73e896e000-7f73e8970000 r--s 00007000 103:02 4069892                   /usr/share/java/java-atk-wrapper.jar
7f73e8970000-7f73e8973000 r--s 0000f000 103:02 3676319                   /usr/lib/jvm/java-8-openjdk-amd64/jre/lib/ext/icedtea-sound.jar
7f73e8973000-7f73e897b000 rw-s 00000000 103:02 5898988                   /tmp/hsperfdata_clarysabel/11203
7f73e897b000-7f73e897c000 rw-p 00000000 00:00 0 
7f73e897c000-7f73e897d000 ---p 00000000 00:00 0 
7f73e897d000-7f73e897f000 rw-p 00000000 00:00 0 
7f73e897f000-7f73e8980000 r--p 00027000 103:02 2495103                   /lib/x86_64-linux-gnu/ld-2.27.so
7f73e8980000-7f73e8981000 rw-p 00028000 103:02 2495103                   /lib/x86_64-linux-gnu/ld-2.27.so
7f73e8981000-7f73e8982000 rw-p 00000000 00:00 0 
7ffd05c21000-7ffd05c42000 rw-p 00000000 00:00 0                          [stack]
7ffd05d4f000-7ffd05d52000 r--p 00000000 00:00 0                          [vvar]
7ffd05d52000-7ffd05d54000 r-xp 00000000 00:00 0                          [vdso]
ffffffffff600000-ffffffffff601000 r-xp 00000000 00:00 0                  [vsyscall]

VM Arguments:
jvm_args: -Dclassworlds.conf=/usr/share/maven/bin/m2.conf -Dmaven.home=/usr/share/maven -Dlibrary.jansi.path=/usr/share/maven/lib/jansi-native -Dmaven.multiModuleProjectDirectory=/opt/repository/BMSAPI 
java_command: org.codehaus.plexus.classworlds.launcher.Launcher clean install -Duser.name=clarysabel
java_class_path (initial): /usr/share/maven/boot/plexus-classworlds-2.x.jar
Launcher Type: SUN_STANDARD

Environment Variables:
JAVA_HOME=/usr/lib/jvm/java-8-openjdk-amd64
PATH=/usr/local/sbin:/usr/local/bin:/usr/sbin:/usr/bin:/sbin:/bin:/usr/games:/usr/local/games:/snap/bin
USERNAME=clarysabel
SHELL=/usr/bin/zsh
DISPLAY=:0

Signal Handlers:
SIGSEGV: [libjvm.so+0xab2ea0], sa_mask[0]=11111111011111111101111111111110, sa_flags=SA_RESTART|SA_SIGINFO
SIGBUS: [libjvm.so+0xab2ea0], sa_mask[0]=11111111011111111101111111111110, sa_flags=SA_RESTART|SA_SIGINFO
SIGFPE: [libjvm.so+0x8e87b0], sa_mask[0]=11111111011111111101111111111110, sa_flags=SA_RESTART|SA_SIGINFO
SIGPIPE: [libjvm.so+0x8e87b0], sa_mask[0]=11111111011111111101111111111110, sa_flags=SA_RESTART|SA_SIGINFO
SIGXFSZ: [libjvm.so+0x8e87b0], sa_mask[0]=11111111011111111101111111111110, sa_flags=SA_RESTART|SA_SIGINFO
SIGILL: [libjvm.so+0x8e87b0], sa_mask[0]=11111111011111111101111111111110, sa_flags=SA_RESTART|SA_SIGINFO
SIGUSR1: SIG_DFL, sa_mask[0]=00000000000000000000000000000000, sa_flags=none
SIGUSR2: [libjvm.so+0x8e8660], sa_mask[0]=00000000000000000000000000000000, sa_flags=SA_RESTART|SA_SIGINFO
SIGHUP: [libjvm.so+0x8e8cd0], sa_mask[0]=11111111011111111101111111111110, sa_flags=SA_RESTART|SA_SIGINFO
SIGINT: [libjvm.so+0x8e8cd0], sa_mask[0]=11111111011111111101111111111110, sa_flags=SA_RESTART|SA_SIGINFO
SIGTERM: [libjvm.so+0x8e8cd0], sa_mask[0]=11111111011111111101111111111110, sa_flags=SA_RESTART|SA_SIGINFO
SIGQUIT: [libjvm.so+0x8e8cd0], sa_mask[0]=11111111011111111101111111111110, sa_flags=SA_RESTART|SA_SIGINFO


---------------  S Y S T E M  ---------------

OS:DISTRIB_ID=Ubuntu
DISTRIB_RELEASE=18.04
DISTRIB_CODENAME=bionic
DISTRIB_DESCRIPTION="Ubuntu 18.04.1 LTS"

uname:Linux 4.15.0-47-generic #50-Ubuntu SMP Wed Mar 13 10:44:52 UTC 2019 x86_64
libc:glibc 2.27 NPTL 2.27 
rlimit: STACK 8192k, CORE 0k, NPROC 62659, NOFILE 4096, AS infinity
load average:1,20 1,31 1,66

/proc/meminfo:
MemTotal:       16162040 kB
MemFree:          139000 kB
MemAvailable:      29620 kB
Buffers:            1700 kB
Cached:          1989204 kB
SwapCached:        40552 kB
Active:         14128748 kB
Inactive:        1295012 kB
Active(anon):   14117360 kB
Inactive(anon):  1283200 kB
Active(file):      11388 kB
Inactive(file):    11812 kB
Unevictable:         264 kB
Mlocked:             264 kB
SwapTotal:       2097148 kB
SwapFree:              0 kB
Dirty:                76 kB
Writeback:             0 kB
AnonPages:      13394192 kB
Mapped:           432800 kB
Shmem:           1967692 kB
Slab:             248816 kB
SReclaimable:     103000 kB
SUnreclaim:       145816 kB
KernelStack:       37728 kB
PageTables:       157216 kB
NFS_Unstable:          0 kB
Bounce:                0 kB
WritebackTmp:          0 kB
CommitLimit:    10178168 kB
Committed_AS:   34682568 kB
VmallocTotal:   34359738367 kB
VmallocUsed:           0 kB
VmallocChunk:          0 kB
HardwareCorrupted:     0 kB
AnonHugePages:         0 kB
ShmemHugePages:        0 kB
ShmemPmdMapped:        0 kB
CmaTotal:              0 kB
CmaFree:               0 kB
HugePages_Total:       0
HugePages_Free:        0
HugePages_Rsvd:        0
HugePages_Surp:        0
Hugepagesize:       2048 kB
DirectMap4k:      601140 kB
DirectMap2M:    15910912 kB
DirectMap1G:           0 kB

container (cgroup) information:
container_type: cgroupv1
cpu_cpuset_cpus: 0-7
cpu_memory_nodes: 0
active_processor_count: 8
cpu_quota: -1
cpu_period: 100000
cpu_shares: -1
memory_limit_in_bytes: -1
memory_and_swap_limit_in_bytes: -2
memory_soft_limit_in_bytes: -1
memory_usage_in_bytes: 15788306432
memory_max_usage_in_bytes: 30740480


CPU:total 8 (initial active 8) (4 cores per cpu, 2 threads per core) family 6 model 142 stepping 10, cmov, cx8, fxsr, mmx, sse, sse2, sse3, ssse3, sse4.1, sse4.2, popcnt, avx, avx2, aes, clmul, erms, 3dnowpref, lzcnt, ht, tsc, tscinvbit, bmi1, bmi2, adx

/proc/cpuinfo:
processor	: 0
vendor_id	: GenuineIntel
cpu family	: 6
model		: 142
model name	: Intel(R) Core(TM) i7-8550U CPU @ 1.80GHz
stepping	: 10
microcode	: 0x96
cpu MHz		: 3066.829
cache size	: 8192 KB
physical id	: 0
siblings	: 8
core id		: 0
cpu cores	: 4
apicid		: 0
initial apicid	: 0
fpu		: yes
fpu_exception	: yes
cpuid level	: 22
wp		: yes
flags		: fpu vme de pse tsc msr pae mce cx8 apic sep mtrr pge mca cmov pat pse36 clflush dts acpi mmx fxsr sse sse2 ss ht tm pbe syscall nx pdpe1gb rdtscp lm constant_tsc art arch_perfmon pebs bts rep_good nopl xtopology nonstop_tsc cpuid aperfmperf tsc_known_freq pni pclmulqdq dtes64 monitor ds_cpl vmx est tm2 ssse3 sdbg fma cx16 xtpr pdcm pcid sse4_1 sse4_2 x2apic movbe popcnt tsc_deadline_timer aes xsave avx f16c rdrand lahf_lm abm 3dnowprefetch cpuid_fault epb invpcid_single pti ssbd ibrs ibpb stibp tpr_shadow vnmi flexpriority ept vpid fsgsbase tsc_adjust bmi1 avx2 smep bmi2 erms invpcid mpx rdseed adx smap clflushopt intel_pt xsaveopt xsavec xgetbv1 xsaves dtherm ida arat pln pts hwp hwp_notify hwp_act_window hwp_epp flush_l1d
bugs		: cpu_meltdown spectre_v1 spectre_v2 spec_store_bypass l1tf
bogomips	: 3984.00
clflush size	: 64
cache_alignment	: 64
address sizes	: 39 bits physical, 48 bits virtual
power management:

processor	: 1
vendor_id	: GenuineIntel
cpu family	: 6
model		: 142
model name	: Intel(R) Core(TM) i7-8550U CPU @ 1.80GHz
stepping	: 10
microcode	: 0x96
cpu MHz		: 3088.282
cache size	: 8192 KB
physical id	: 0
siblings	: 8
core id		: 1
cpu cores	: 4
apicid		: 2
initial apicid	: 2
fpu		: yes
fpu_exception	: yes
cpuid level	: 22
wp		: yes
flags		: fpu vme de pse tsc msr pae mce cx8 apic sep mtrr pge mca cmov pat pse36 clflush dts acpi mmx fxsr sse sse2 ss ht tm pbe syscall nx pdpe1gb rdtscp lm constant_tsc art arch_perfmon pebs bts rep_good nopl xtopology nonstop_tsc cpuid aperfmperf tsc_known_freq pni pclmulqdq dtes64 monitor ds_cpl vmx est tm2 ssse3 sdbg fma cx16 xtpr pdcm pcid sse4_1 sse4_2 x2apic movbe popcnt tsc_deadline_timer aes xsave avx f16c rdrand lahf_lm abm 3dnowprefetch cpuid_fault epb invpcid_single pti ssbd ibrs ibpb stibp tpr_shadow vnmi flexpriority ept vpid fsgsbase tsc_adjust bmi1 avx2 smep bmi2 erms invpcid mpx rdseed adx smap clflushopt intel_pt xsaveopt xsavec xgetbv1 xsaves dtherm ida arat pln pts hwp hwp_notify hwp_act_window hwp_epp flush_l1d
bugs		: cpu_meltdown spectre_v1 spectre_v2 spec_store_bypass l1tf
bogomips	: 3984.00
clflush size	: 64
cache_alignment	: 64
address sizes	: 39 bits physical, 48 bits virtual
power management:

processor	: 2
vendor_id	: GenuineIntel
cpu family	: 6
model		: 142
model name	: Intel(R) Core(TM) i7-8550U CPU @ 1.80GHz
stepping	: 10
microcode	: 0x96
cpu MHz		: 3055.263
cache size	: 8192 KB
physical id	: 0
siblings	: 8
core id		: 2
cpu cores	: 4
apicid		: 4
initial apicid	: 4
fpu		: yes
fpu_exception	: yes
cpuid level	: 22
wp		: yes
flags		: fpu vme de pse tsc msr pae mce cx8 apic sep mtrr pge mca cmov pat pse36 clflush dts acpi mmx fxsr sse sse2 ss ht tm pbe syscall nx pdpe1gb rdtscp lm constant_tsc art arch_perfmon pebs bts rep_good nopl xtopology nonstop_tsc cpuid aperfmperf tsc_known_freq pni pclmulqdq dtes64 monitor ds_cpl vmx est tm2 ssse3 sdbg fma cx16 xtpr pdcm pcid sse4_1 sse4_2 x2apic movbe popcnt tsc_deadline_timer aes xsave avx f16c rdrand lahf_lm abm 3dnowprefetch cpuid_fault epb invpcid_single pti ssbd ibrs ibpb stibp tpr_shadow vnmi flexpriority ept vpid fsgsbase tsc_adjust bmi1 avx2 smep bmi2 erms invpcid mpx rdseed adx smap clflushopt intel_pt xsaveopt xsavec xgetbv1 xsaves dtherm ida arat pln pts hwp hwp_notify hwp_act_window hwp_epp flush_l1d
bugs		: cpu_meltdown spectre_v1 spectre_v2 spec_store_bypass l1tf
bogomips	: 3984.00
clflush size	: 64
cache_alignment	: 64
address sizes	: 39 bits physical, 48 bits virtual
power management:

processor	: 3
vendor_id	: GenuineIntel
cpu family	: 6
model		: 142
model name	: Intel(R) Core(TM) i7-8550U CPU @ 1.80GHz
stepping	: 10
microcode	: 0x96
cpu MHz		: 3073.705
cache size	: 8192 KB
physical id	: 0
siblings	: 8
core id		: 3
cpu cores	: 4
apicid		: 6
initial apicid	: 6
fpu		: yes
fpu_exception	: yes
cpuid level	: 22
wp		: yes
flags		: fpu vme de pse tsc msr pae mce cx8 apic sep mtrr pge mca cmov pat pse36 clflush dts acpi mmx fxsr sse sse2 ss ht tm pbe syscall nx pdpe1gb rdtscp lm constant_tsc art arch_perfmon pebs bts rep_good nopl xtopology nonstop_tsc cpuid aperfmperf tsc_known_freq pni pclmulqdq dtes64 monitor ds_cpl vmx est tm2 ssse3 sdbg fma cx16 xtpr pdcm pcid sse4_1 sse4_2 x2apic movbe popcnt tsc_deadline_timer aes xsave avx f16c rdrand lahf_lm abm 3dnowprefetch cpuid_fault epb invpcid_single pti ssbd ibrs ibpb stibp tpr_shadow vnmi flexpriority ept vpid fsgsbase tsc_adjust bmi1 avx2 smep bmi2 erms invpcid mpx rdseed adx smap clflushopt intel_pt xsaveopt xsavec xgetbv1 xsaves dtherm ida arat pln pts hwp hwp_notify hwp_act_window hwp_epp flush_l1d
bugs		: cpu_meltdown spectre_v1 spectre_v2 spec_store_bypass l1tf
bogomips	: 3984.00
clflush size	: 64
cache_alignment	: 64
address sizes	: 39 bits physical, 48 bits virtual
power management:

processor	: 4
vendor_id	: GenuineIntel
cpu family	: 6
model		: 142
model name	: Intel(R) Core(TM) i7-8550U CPU @ 1.80GHz
stepping	: 10
microcode	: 0x96
cpu MHz		: 3067.679
cache size	: 8192 KB
physical id	: 0
siblings	: 8
core id		: 0
cpu cores	: 4
apicid		: 1
initial apicid	: 1
fpu		: yes
fpu_exception	: yes
cpuid level	: 22
wp		: yes
flags		: fpu vme de pse tsc msr pae mce cx8 apic sep mtrr pge mca cmov pat pse36 clflush dts acpi mmx fxsr sse sse2 ss ht tm pbe syscall nx pdpe1gb rdtscp lm constant_tsc art arch_perfmon pebs bts rep_good nopl xtopology nonstop_tsc cpuid aperfmperf tsc_known_freq pni pclmulqdq dtes64 monitor ds_cpl vmx est tm2 ssse3 sdbg fma cx16 xtpr pdcm pcid sse4_1 sse4_2 x2apic movbe popcnt tsc_deadline_timer aes xsave avx f16c rdrand lahf_lm abm 3dnowprefetch cpuid_fault epb invpcid_single pti ssbd ibrs ibpb stibp tpr_shadow vnmi flexpriority ept vpid fsgsbase tsc_adjust bmi1 avx2 smep bmi2 erms invpcid mpx rdseed adx smap clflushopt intel_pt xsaveopt xsavec xgetbv1 xsaves dtherm ida arat pln pts hwp hwp_notify hwp_act_window hwp_epp flush_l1d
bugs		: cpu_meltdown spectre_v1 spectre_v2 spec_store_bypass l1tf
bogomips	: 3984.00
clflush size	: 64
cache_alignment	: 64
address sizes	: 39 bits physical, 48 bits virtual
power management:

processor	: 5
vendor_id	: GenuineIntel
cpu family	: 6
model		: 142
model name	: Intel(R) Core(TM) i7-8550U CPU @ 1.80GHz
stepping	: 10
microcode	: 0x96
cpu MHz		: 3068.715
cache size	: 8192 KB
physical id	: 0
siblings	: 8
core id		: 1
cpu cores	: 4
apicid		: 3
initial apicid	: 3
fpu		: yes
fpu_exception	: yes
cpuid level	: 22
wp		: yes
flags		: fpu vme de pse tsc msr pae mce cx8 apic sep mtrr pge mca cmov pat pse36 clflush dts acpi mmx fxsr sse sse2 ss ht tm pbe syscall nx pdpe1gb rdtscp lm constant_tsc art arch_perfmon pebs bts rep_good nopl xtopology nonstop_tsc cpuid aperfmperf tsc_known_freq pni pclmulqdq dtes64 monitor ds_cpl vmx est tm2 ssse3 sdbg fma cx16 xtpr pdcm pcid sse4_1 sse4_2 x2apic movbe popcnt tsc_deadline_timer aes xsave avx f16c rdrand lahf_lm abm 3dnowprefetch cpuid_fault epb invpcid_single pti ssbd ibrs ibpb stibp tpr_shadow vnmi flexpriority ept vpid fsgsbase tsc_adjust bmi1 avx2 smep bmi2 erms invpcid mpx rdseed adx smap clflushopt intel_pt xsaveopt xsavec xgetbv1 xsaves dtherm ida arat pln pts hwp hwp_notify hwp_act_window hwp_epp flush_l1d
bugs		: cpu_meltdown spectre_v1 spectre_v2 spec_store_bypass l1tf
bogomips	: 3984.00
clflush size	: 64
cache_alignment	: 64
address sizes	: 39 bits physical, 48 bits virtual
power management:

processor	: 6
vendor_id	: GenuineIntel
cpu family	: 6
model		: 142
model name	: Intel(R) Core(TM) i7-8550U CPU @ 1.80GHz
stepping	: 10
microcode	: 0x96
cpu MHz		: 3071.410
cache size	: 8192 KB
physical id	: 0
siblings	: 8
core id		: 2
cpu cores	: 4
apicid		: 5
initial apicid	: 5
fpu		: yes
fpu_exception	: yes
cpuid level	: 22
wp		: yes
flags		: fpu vme de pse tsc msr pae mce cx8 apic sep mtrr pge mca cmov pat pse36 clflush dts acpi mmx fxsr sse sse2 ss ht tm pbe syscall nx pdpe1gb rdtscp lm constant_tsc art arch_perfmon pebs bts rep_good nopl xtopology nonstop_tsc cpuid aperfmperf tsc_known_freq pni pclmulqdq dtes64 monitor ds_cpl vmx est tm2 ssse3 sdbg fma cx16 xtpr pdcm pcid sse4_1 sse4_2 x2apic movbe popcnt tsc_deadline_timer aes xsave avx f16c rdrand lahf_lm abm 3dnowprefetch cpuid_fault epb invpcid_single pti ssbd ibrs ibpb stibp tpr_shadow vnmi flexpriority ept vpid fsgsbase tsc_adjust bmi1 avx2 smep bmi2 erms invpcid mpx rdseed adx smap clflushopt intel_pt xsaveopt xsavec xgetbv1 xsaves dtherm ida arat pln pts hwp hwp_notify hwp_act_window hwp_epp flush_l1d
bugs		: cpu_meltdown spectre_v1 spectre_v2 spec_store_bypass l1tf
bogomips	: 3984.00
clflush size	: 64
cache_alignment	: 64
address sizes	: 39 bits physical, 48 bits virtual
power management:

processor	: 7
vendor_id	: GenuineIntel
cpu family	: 6
model		: 142
model name	: Intel(R) Core(TM) i7-8550U CPU @ 1.80GHz
stepping	: 10
microcode	: 0x96
cpu MHz		: 3071.560
cache size	: 8192 KB
physical id	: 0
siblings	: 8
core id		: 3
cpu cores	: 4
apicid		: 7
initial apicid	: 7
fpu		: yes
fpu_exception	: yes
cpuid level	: 22
wp		: yes
flags		: fpu vme de pse tsc msr pae mce cx8 apic sep mtrr pge mca cmov pat pse36 clflush dts acpi mmx fxsr sse sse2 ss ht tm pbe syscall nx pdpe1gb rdtscp lm constant_tsc art arch_perfmon pebs bts rep_good nopl xtopology nonstop_tsc cpuid aperfmperf tsc_known_freq pni pclmulqdq dtes64 monitor ds_cpl vmx est tm2 ssse3 sdbg fma cx16 xtpr pdcm pcid sse4_1 sse4_2 x2apic movbe popcnt tsc_deadline_timer aes xsave avx f16c rdrand lahf_lm abm 3dnowprefetch cpuid_fault epb invpcid_single pti ssbd ibrs ibpb stibp tpr_shadow vnmi flexpriority ept vpid fsgsbase tsc_adjust bmi1 avx2 smep bmi2 erms invpcid mpx rdseed adx smap clflushopt intel_pt xsaveopt xsavec xgetbv1 xsaves dtherm ida arat pln pts hwp hwp_notify hwp_act_window hwp_epp flush_l1d
bugs		: cpu_meltdown spectre_v1 spectre_v2 spec_store_bypass l1tf
bogomips	: 3984.00
clflush size	: 64
cache_alignment	: 64
address sizes	: 39 bits physical, 48 bits virtual
power management:



Memory: 4k page, physical 16162040k(139908k free), swap 2097148k(0k free)

vm_info: OpenJDK 64-Bit Server VM (25.191-b12) for linux-amd64 JRE (1.8.0_191-8u191-b12-2ubuntu0.18.04.1-b12), built on Jan 14 2019 21:02:00 by "buildd" with gcc 7.3.0

time: Wed Apr 10 16:08:49 2019
elapsed time: 4 seconds (0d 0h 0m 4s)

